<?xml version="1.0" encoding="utf-8"?><testsuites><testsuite name="pytest" errors="0" failures="0" skipped="0" tests="7" time="0.813" timestamp="2025-01-28T21:37:51.723042+01:00" hostname="raspberrypi"><testcase classname="tests.test_integration_without_mocks" name="test_dht22_data" time="0.500" /><testcase classname="tests.test_integration_without_mocks" name="test_soil_moisture" time="0.002" /><testcase classname="tests.test_integration_without_mocks" name="test_cleanup_no_exceptions" time="0.018" /><testcase classname="tests.test_with_mocks" name="test_read_dht22_data_high_humidity" time="0.020" /><testcase classname="tests.test_with_mocks" name="test_read_dht22_data_low_humidity" time="0.014" /><testcase classname="tests.test_with_mocks" name="test_read_soil_moisture_low_moisture" time="0.019" /><testcase classname="tests.test_with_mocks" name="test_read_soil_moisture_high_moisture" time="0.013" /></testsuite></testsuites>